<?xml version="1.0" encoding="utf-8"?><testsuites name="pytest tests"><testsuite name="pytest" errors="0" failures="0" skipped="1" tests="1" time="5.056" timestamp="2026-08-28T15:44:37.225822+05:30" hostname="harshith"><testcase classname="tests_external.api_contracts.test_contracts" name="test_api_health" time="4.048"><skipped type="pytest.skip" message="API not running">E:\sih26145-prototype\tests_external\api_contracts\test_contracts.py:11: API not running</skipped></testcase></testsuite></testsuites>