<?xml version="1.0" encoding="utf-8"?><testsuites name="pytest tests"><testsuite name="pytest" errors="0" failures="0" skipped="1" tests="1" time="5.012" timestamp="2026-08-28T15:44:44.877788+05:30" hostname="harshith"><testcase classname="tests_external.provenance.test_provenance" name="test_provenance_recording" time="4.120"><skipped type="pytest.skip" message="API not running">E:\sih26145-prototype\tests_external\provenance\test_provenance.py:13: API not running</skipped></testcase></testsuite></testsuites>