<?xml version="1.0" encoding="utf-8"?><testsuites name="pytest tests"><testsuite name="pytest" errors="0" failures="0" skipped="1" tests="1" time="5.179" timestamp="2026-08-28T15:45:11.328422+05:30" hostname="harshith"><testcase classname="tests_external.e2e.test_lab_e2e" name="test_gold_standard_e2e" time="4.142"><skipped type="pytest.skip" message="API not running, skipping e2e test">E:\sih26145-prototype\tests_external\e2e\test_lab_e2e.py:17: API not running, skipping e2e test</skipped></testcase></testsuite></testsuites>