<?xml version="1.0" encoding="utf-8"?><testsuites name="pytest tests"><testsuite name="pytest" errors="0" failures="0" skipped="2" tests="2" time="9.143" timestamp="2026-08-28T15:44:59.674783+05:30" hostname="harshith"><testcase classname="tests_external.resilience.test_resilience" name="test_api_degraded_state" time="4.139"><skipped type="pytest.skip" message="API not running, skipping resilience test">E:\sih26145-prototype\tests_external\resilience\test_resilience.py:12: API not running, skipping resilience test</skipped></testcase><testcase classname="tests_external.resilience.test_resilience" name="test_scan_resilience" time="4.079"><skipped type="pytest.skip" message="API not running, skipping resilience test">E:\sih26145-prototype\tests_external\resilience\test_resilience.py:30: API not running, skipping resilience test</skipped></testcase></testsuite></testsuites>