<?xml version="1.0" encoding="utf-8"?><testsuites name="pytest tests"><testsuite name="pytest" errors="0" failures="0" skipped="1" tests="1" time="4.979" timestamp="2026-08-28T15:44:52.375591+05:30" hostname="harshith"><testcase classname="tests_external.security.test_security" name="test_security_headers" time="4.127"><skipped type="pytest.skip" message="API not running">E:\sih26145-prototype\tests_external\security\test_security.py:12: API not running</skipped></testcase></testsuite></testsuites>